<?xml version="1.0" encoding="UTF-8"?>
<!-- Generated by org.testng.reporters.JUnitReportReporter -->
<testsuite hostname="DESKTOP-4L5EN7I" failures="0" tests="1" name="TestPackage.ClassroomTest" time="166.335" errors="0" timestamp="2024-06-05T10:38:57 IST" skipped="0">
  <testcase classname="TestPackage.ClassroomTest" name="initialization" time="166.335"/>
  <system-out/>
</testsuite> <!-- TestPackage.ClassroomTest -->
