<?xml version="1.0" encoding="UTF-8"?>
<!-- Generated by org.testng.reporters.JUnitReportReporter -->
<testsuite hostname="Mohammed" failures="0" tests="1" name="TestPackage.ClassroomTest" time="1173.351" errors="0" timestamp="2024-06-05T13:02:53 IST" skipped="0">
  <testcase classname="TestPackage.ClassroomTest" name="initialization" time="1173.351"/>
  <system-out/>
</testsuite> <!-- TestPackage.ClassroomTest -->
