<?xml version="1.0" encoding="UTF-8"?>
<!-- Generated by org.testng.reporters.JUnitReportReporter -->
<testsuite hostname="DESKTOP-4L5EN7I" failures="0" tests="1" name="TestPackage.ClassroomTest" time="187.223" errors="0" timestamp="2024-06-06T16:44:16 IST" skipped="0">
  <testcase classname="TestPackage.ClassroomTest" name="initialization" time="187.223"/>
  <system-out/>
</testsuite> <!-- TestPackage.ClassroomTest -->
